<?xml version="1.0" encoding="utf-8"?><testsuites name="pytest tests"><testsuite name="pytest" errors="0" failures="0" skipped="0" tests="16" time="6.826" timestamp="2026-09-07T17:34:30.059742+03:00" hostname="IL-11ASHERK1"><testcase classname="tests.test_cnn_utils" name="test_occlusion_pixels[1]" time="0.040" /><testcase classname="tests.test_cnn_utils" name="test_occlusion_pixels[3]" time="0.013" /><testcase classname="tests.test_cnn_utils" name="test_occlusion_pixels[4]" time="0.013" /><testcase classname="tests.test_cnn_utils" name="test_occlusion_pixels[32]" time="0.013" /><testcase classname="tests.test_cnn_utils" name="test_invalid_square[0]" time="0.001" /><testcase classname="tests.test_cnn_utils" name="test_invalid_square[33]" time="0.001" /><testcase classname="tests.test_cnn_utils" name="test_invalid_square[-1]" time="0.001" /><testcase classname="tests.test_cnn_utils" name="test_invalid_square[2.5]" time="0.001" /><testcase classname="tests.test_cnn_utils" name="test_invalid_square[True]" time="0.001" /><testcase classname="tests.test_cnn_utils" name="test_focus_ties_and_color" time="0.002" /><testcase classname="tests.test_cnn_utils" name="test_preprocessing" time="0.004" /><testcase classname="tests.test_cnn_utils" name="test_metrics_with_real_labels" time="0.042" /><testcase classname="tests.test_cnn_utils" name="test_vggface_pretrained" time="1.411" /><testcase classname="tests.test_cnn_artifacts" name="test_excel_matches_notebook" time="0.028" /><testcase classname="tests.test_cnn_artifacts" name="test_saved_model_containers" time="0.029" /><testcase classname="tests.test_cnn_artifacts" name="test_prediction_and_figure_files" time="0.110" /></testsuite></testsuites>